<?xml version="1.0" encoding="UTF-8"?>
<!-- Generated by org.testng.reporters.JUnitReportReporter -->
<testsuite skipped="0" hostname="DESKTOP-AFGBJ45" name="DriverDocuments.MVR" tests="9" failures="0" timestamp="28 Jun 2023 11:24:22 GMT" time="34.928" errors="0">
  <testcase name="SVPLogin" time="16.312" classname="DriverDocuments.MVR"/>
  <testcase name="Selecting_CarrierBeta" time="2.537" classname="DriverDocuments.MVR"/>
  <testcase name="Locate_DocumentsMenu" time="4.624" classname="DriverDocuments.MVR"/>
  <testcase name="Navigate_DriverDocumentsSection" time="4.309" classname="DriverDocuments.MVR"/>
  <testcase name="ClickOn_UploadDocument" time="0.394" classname="DriverDocuments.MVR"/>
  <testcase name="EnterDocInformation" time="2.071" classname="DriverDocuments.MVR"/>
  <testcase name="EnterIssueAndExpDate" time="0.866" classname="DriverDocuments.MVR"/>
  <testcase name="UploadtheDLFrontAndBackDoc" time="1.192" classname="DriverDocuments.MVR"/>
  <testcase name="SelectDriver" time="2.623" classname="DriverDocuments.MVR"/>
</testsuite> <!-- DriverDocuments.MVR -->
