<?xml version="1.0" encoding="UTF-8"?>
<!-- Generated by org.testng.reporters.JUnitReportReporter -->
<testsuite skipped="0" hostname="DESKTOP-AFGBJ45" name="metromax.Tes_InviteDriverSVP" tests="1" failures="0" timestamp="16 Sep 2022 19:07:46 GMT" time="43.257" errors="0">
  <testcase name="ServiceProvider" time="43.257" classname="metromax.Tes_InviteDriverSVP"/>
</testsuite> <!-- metromax.Tes_InviteDriverSVP -->
