<?xml version="1.0" encoding="UTF-8"?>
<!-- Generated by org.testng.reporters.JUnitReportReporter -->
<testsuite skipped="0" hostname="DESKTOP-AFGBJ45" name="sample.datafromexcel1" tests="2" failures="0" timestamp="17 Nov 2022 09:32:18 GMT" time="0.867" errors="0">
  <testcase name="test" time="0.829" classname="sample.datafromexcel1"/>
  <testcase name="test2" time="0.038" classname="sample.datafromexcel1"/>
</testsuite> <!-- sample.datafromexcel1 -->
