<?xml version="1.0" encoding="UTF-8"?>
<!-- Generated by org.testng.reporters.JUnitReportReporter -->
<testsuite skipped="0" hostname="DESKTOP-AFGBJ45" name="FD360POM.LoginTest" tests="1" failures="0" timestamp="09 Nov 2022 11:30:03 GMT" time="36.524" errors="0">
  <testcase name="ServiceProvider" time="36.524" classname="FD360POM.LoginTest"/>
</testsuite> <!-- FD360POM.LoginTest -->
