<?xml version="1.0" encoding="UTF-8"?>
<!-- Generated by org.testng.reporters.JUnitReportReporter -->
<testsuite skipped="0" hostname="DESKTOP-AFGBJ45" name="DriverDocuments.License" tests="10" failures="0" timestamp="03 Jul 2023 15:03:41 GMT" time="47.789" errors="0">
  <testcase name="SVPLogin" time="21.872" classname="DriverDocuments.License"/>
  <testcase name="Selecting_CarrierBeta" time="2.447" classname="DriverDocuments.License"/>
  <testcase name="Locate_DocumentsMenu" time="4.488" classname="DriverDocuments.License"/>
  <testcase name="Navigate_DriverDocumentsSection" time="4.423" classname="DriverDocuments.License"/>
  <testcase name="ClickOn_UploadDocument" time="0.589" classname="DriverDocuments.License"/>
  <testcase name="EnterDLInformation" time="3.882" classname="DriverDocuments.License"/>
  <testcase name="EnterIssueAndExpDate" time="1.200" classname="DriverDocuments.License"/>
  <testcase name="UploadtheDLFrontAndBackDoc" time="0.504" classname="DriverDocuments.License"/>
  <testcase name="SelectDriver" time="2.755" classname="DriverDocuments.License"/>
  <testcase name="SubmitInformation" time="5.629" classname="DriverDocuments.License"/>
</testsuite> <!-- DriverDocuments.License -->
