<?xml version="1.0" encoding="UTF-8"?>
<!-- Generated by org.testng.reporters.JUnitReportReporter -->
<testsuite skipped="0" hostname="DESKTOP-AFGBJ45" name="FD360TC.ApproveDrApplication" tests="1" failures="0" timestamp="08 Dec 2022 16:47:38 GMT" time="78.170" errors="0">
  <testcase name="ServiceProvider" time="78.170" classname="FD360TC.ApproveDrApplication"/>
</testsuite> <!-- FD360TC.ApproveDrApplication -->
