<?xml version="1.0" encoding="UTF-8"?>
<!-- Generated by org.testng.reporters.JUnitReportReporter -->
<testsuite skipped="0" hostname="DESKTOP-AFGBJ45" name="FD360TC.NonCDL_DriverApprove" tests="1" failures="0" timestamp="19 Jan 2023 17:13:43 GMT" time="46.205" errors="0">
  <testcase name="ApproveNC_Driver" time="46.205" classname="FD360TC.NonCDL_DriverApprove"/>
</testsuite> <!-- FD360TC.NonCDL_DriverApprove -->
