<?xml version="1.0" encoding="UTF-8"?>
<!-- Generated by org.testng.reporters.JUnitReportReporter -->
<testsuite skipped="0" hostname="DESKTOP-AFGBJ45" name="sample.CopyandPaste" tests="1" failures="0" timestamp="18 Jan 2023 11:04:04 GMT" time="66.696" errors="0">
  <testcase name="CopyNRCMEAndSubmit" time="66.696" classname="sample.CopyandPaste"/>
</testsuite> <!-- sample.CopyandPaste -->
