<?xml version="1.0" encoding="UTF-8"?>
<!-- Generated by org.testng.reporters.JUnitReportReporter -->
<testsuite skipped="0" hostname="DESKTOP-AFGBJ45" name="sample.Test_Parallel" tests="1" failures="0" timestamp="15 Sep 2023 08:01:07 GMT" time="0.094" errors="0">
  <testcase name="inviteDrivers" time="0.094" classname="sample.Test_Parallel"/>
</testsuite> <!-- sample.Test_Parallel -->
