<?xml version="1.0" encoding="UTF-8"?>
<!-- Generated by org.testng.reporters.JUnitReportReporter -->
<testsuite skipped="0" hostname="DESKTOP-AFGBJ45" name="DriverDocuments.RTC" tests="10" failures="0" timestamp="28 Jun 2023 15:58:57 GMT" time="28.813" errors="0">
  <testcase name="SVPLogin" time="14.558" classname="DriverDocuments.RTC"/>
  <testcase name="Selecting_CarrierBeta" time="2.684" classname="DriverDocuments.RTC"/>
  <testcase name="Locate_DocumentsMenu" time="4.467" classname="DriverDocuments.RTC"/>
  <testcase name="Navigate_DriverDocumentsSection" time="0.608" classname="DriverDocuments.RTC"/>
  <testcase name="ClickOn_UploadDocument" time="0.456" classname="DriverDocuments.RTC"/>
  <testcase name="EnterDocInformation" time="2.007" classname="DriverDocuments.RTC"/>
  <testcase name="EnterIssueAndExpDate" time="0.981" classname="DriverDocuments.RTC"/>
  <testcase name="MCInfoAndDoc" time="0.332" classname="DriverDocuments.RTC"/>
  <testcase name="SelectDriver" time="0.861" classname="DriverDocuments.RTC"/>
  <testcase name="SubmitInformation" time="1.859" classname="DriverDocuments.RTC"/>
</testsuite> <!-- DriverDocuments.RTC -->
