<?xml version="1.0" encoding="UTF-8"?>
<!-- Generated by org.testng.reporters.JUnitReportReporter -->
<testsuite skipped="0" hostname="DESKTOP-AFGBJ45" name="CoreTestcases.InviteCDLdriver" tests="2" failures="0" timestamp="20 Jun 2023 10:17:39 GMT" time="32.887" errors="0">
  <testcase name="SVPLogin" time="26.334" classname="CoreTestcases.InviteCDLdriver"/>
  <testcase name="InviteDriver" time="6.553" classname="CoreTestcases.InviteCDLdriver"/>
</testsuite> <!-- CoreTestcases.InviteCDLdriver -->
