<?xml version="1.0" encoding="UTF-8"?>
<!-- Generated by org.testng.reporters.JUnitReportReporter -->
<testsuite skipped="0" hostname="DESKTOP-AFGBJ45" name="metromax.Test_InviteDriverSVP" tests="1" failures="0" timestamp="09 Aug 2023 14:28:42 GMT" time="28.880" errors="0">
  <testcase name="ServiceProvider" time="28.880" classname="metromax.Test_InviteDriverSVP"/>
</testsuite> <!-- metromax.Test_InviteDriverSVP -->
