<?xml version="1.0" encoding="UTF-8"?>
<!-- Generated by org.testng.reporters.JUnitReportReporter -->
<testsuite skipped="0" hostname="DESKTOP-AFGBJ45" name="FD360POM.DriverApplicationLogin$FD360DriverLogin" tests="1" failures="0" timestamp="25 Aug 2022 05:09:43 GMT" time="12.872" errors="0">
  <testcase name="UserDetails" time="12.872" classname="FD360POM.DriverApplicationLogin$FD360DriverLogin"/>
</testsuite> <!-- FD360POM.DriverApplicationLogin$FD360DriverLogin -->
