<?xml version="1.0" encoding="UTF-8"?>
<!-- Generated by org.testng.reporters.JUnitReportReporter -->
<testsuite skipped="0" hostname="DESKTOP-AFGBJ45" name="FD360TC.SubmitDriverApplicationYesReport" tests="61" failures="0" timestamp="16 May 2023 14:18:58 GMT" time="246.865" errors="0">
  <testcase name="Verify_Driver_login" time="16.100" classname="FD360TC.SubmitDriverApplicationYesReport"/>
  <testcase name="Verify_FillDriverinfo" time="4.759" classname="FD360TC.SubmitDriverApplicationYesReport"/>
  <testcase name="Verify_SSN_Number" time="0.911" classname="FD360TC.SubmitDriverApplicationYesReport"/>
  <testcase name="Verify_Phone_Number" time="0.601" classname="FD360TC.SubmitDriverApplicationYesReport"/>
  <testcase name="Verify_click_Next" time="1.504" classname="FD360TC.SubmitDriverApplicationYesReport"/>
  <testcase name="Verify_Enter_Address_Line12" time="1.732" classname="FD360TC.SubmitDriverApplicationYesReport"/>
  <testcase name="Verify_EnterCity" time="0.431" classname="FD360TC.SubmitDriverApplicationYesReport"/>
  <testcase name="Verify_Select_State" time="2.608" classname="FD360TC.SubmitDriverApplicationYesReport"/>
  <testcase name="Verify_Zipcode" time="0.575" classname="FD360TC.SubmitDriverApplicationYesReport"/>
  <testcase name="Verify_NoOfYrAtThisAddress" time="0.681" classname="FD360TC.SubmitDriverApplicationYesReport"/>
  <testcase name="Verify_AddressNext" time="3.779" classname="FD360TC.SubmitDriverApplicationYesReport"/>
  <testcase name="DriverLicenseDetails" time="15.251" classname="FD360TC.SubmitDriverApplicationYesReport"/>
  <testcase name="CurrentDL_Class" time="4.640" classname="FD360TC.SubmitDriverApplicationYesReport"/>
  <testcase name="IssueDate" time="0.412" classname="FD360TC.SubmitDriverApplicationYesReport"/>
  <testcase name="ExpDate" time="0.411" classname="FD360TC.SubmitDriverApplicationYesReport"/>
  <testcase name="Restrictions" time="0.642" classname="FD360TC.SubmitDriverApplicationYesReport"/>
  <testcase name="Endorsements" time="0.798" classname="FD360TC.SubmitDriverApplicationYesReport"/>
  <testcase name="DLNextButton" time="3.371" classname="FD360TC.SubmitDriverApplicationYesReport"/>
  <testcase name="CD_Experience" time="7.474" classname="FD360TC.SubmitDriverApplicationYesReport"/>
  <testcase name="From_Date" time="0.727" classname="FD360TC.SubmitDriverApplicationYesReport"/>
  <testcase name="ToDate" time="0.879" classname="FD360TC.SubmitDriverApplicationYesReport"/>
  <testcase name="Approximate_Total_Miles" time="1.064" classname="FD360TC.SubmitDriverApplicationYesReport"/>
  <testcase name="EquipmentExperienceNextButton" time="3.420" classname="FD360TC.SubmitDriverApplicationYesReport"/>
  <testcase name="HaveCemmercialDrivingExpYes" time="0.393" classname="FD360TC.SubmitDriverApplicationYesReport"/>
  <testcase name="DriverEmplrInfo" time="14.948" classname="FD360TC.SubmitDriverApplicationYesReport"/>
  <testcase name="JoiningFromDate" time="0.656" classname="FD360TC.SubmitDriverApplicationYesReport"/>
  <testcase name="ResignedDate" time="1.611" classname="FD360TC.SubmitDriverApplicationYesReport"/>
  <testcase name="MoreInfoOfEmplyr" time="2.784" classname="FD360TC.SubmitDriverApplicationYesReport"/>
  <testcase name="EmplrEmail" time="2.620" classname="FD360TC.SubmitDriverApplicationYesReport"/>
  <testcase name="SubjectToDrugAlcohol" time="0.567" classname="FD360TC.SubmitDriverApplicationYesReport"/>
  <testcase name="I_confirmConcentCheck" time="4.504" classname="FD360TC.SubmitDriverApplicationYesReport"/>
  <testcase name="AdditionalNonDriveExp" time="0.681" classname="FD360TC.SubmitDriverApplicationYesReport"/>
  <testcase name="Employment_HistoryNext" time="3.356" classname="FD360TC.SubmitDriverApplicationYesReport"/>
  <testcase name="TrafficViolationsYes" time="0.408" classname="FD360TC.SubmitDriverApplicationYesReport"/>
  <testcase name="TrafficViolations_Location" time="1.880" classname="FD360TC.SubmitDriverApplicationYesReport"/>
  <testcase name="TrafficViolationDate" time="1.778" classname="FD360TC.SubmitDriverApplicationYesReport"/>
  <testcase name="ChargeAndPenalty" time="1.029" classname="FD360TC.SubmitDriverApplicationYesReport"/>
  <testcase name="TrafficViolations_Next" time="3.401" classname="FD360TC.SubmitDriverApplicationYesReport"/>
  <testcase name="Operate_motor_vehicle_ever_been_suspended_yes" time="3.044" classname="FD360TC.SubmitDriverApplicationYesReport"/>
  <testcase name="EverBeenDeniedLicence_yes" time="7.305" classname="FD360TC.SubmitDriverApplicationYesReport"/>
  <testcase name="Adverse_Licensing_Actions_Next" time="3.388" classname="FD360TC.SubmitDriverApplicationYesReport"/>
  <testcase name="involvedInAccidents_yes" time="5.560" classname="FD360TC.SubmitDriverApplicationYesReport"/>
  <testcase name="Hazmat_Spill_No" time="3.518" classname="FD360TC.SubmitDriverApplicationYesReport"/>
  <testcase name="Accident_HistoryNext" time="3.410" classname="FD360TC.SubmitDriverApplicationYesReport"/>
  <testcase name="UploadMedicalCertificate" time="6.314" classname="FD360TC.SubmitDriverApplicationYesReport"/>
  <testcase name="MedicalCertificateIssueDate" time="6.549" classname="FD360TC.SubmitDriverApplicationYesReport"/>
  <testcase name="MedicalCertificateExpDate" time="6.638" classname="FD360TC.SubmitDriverApplicationYesReport"/>
  <testcase name="NameOfMedicalExaminer" time="1.978" classname="FD360TC.SubmitDriverApplicationYesReport"/>
  <testcase name="ExaminarNationalRegNumber" time="0.932" classname="FD360TC.SubmitDriverApplicationYesReport"/>
  <testcase name="LimitAbilityToPerformYes" time="7.348" classname="FD360TC.SubmitDriverApplicationYesReport"/>
  <testcase name="Past3YrsEverTestedPositiveYes" time="16.339" classname="FD360TC.SubmitDriverApplicationYesReport"/>
  <testcase name="Refused_to_take_TestYes" time="6.725" classname="FD360TC.SubmitDriverApplicationYesReport"/>
  <testcase name="DOT_Physical_and_Medical_Certificate_Next" time="8.473" classname="FD360TC.SubmitDriverApplicationYesReport"/>
  <testcase name="Consent_Forms" time="19.827" classname="FD360TC.SubmitDriverApplicationYesReport"/>
  <testcase name="signature" time="4.680" classname="FD360TC.SubmitDriverApplicationYesReport"/>
  <testcase name="ConsentForms_Next" time="3.388" classname="FD360TC.SubmitDriverApplicationYesReport"/>
  <testcase name="ToBeReadAndSignedByApplicant" time="3.306" classname="FD360TC.SubmitDriverApplicationYesReport"/>
  <testcase name="signature2" time="11.693" classname="FD360TC.SubmitDriverApplicationYesReport"/>
  <testcase name="ToBeReadAndSignedByApplicant_submit" time="0.281" classname="FD360TC.SubmitDriverApplicationYesReport"/>
  <testcase name="ApplicationStatus" time="2.512" classname="FD360TC.SubmitDriverApplicationYesReport"/>
  <testcase name="downloadDriverApplication" time="0.271" classname="FD360TC.SubmitDriverApplicationYesReport"/>
</testsuite> <!-- FD360TC.SubmitDriverApplicationYesReport -->
