<?xml version="1.0" encoding="UTF-8"?>
<!-- Generated by org.testng.reporters.JUnitReportReporter -->
<testsuite skipped="0" hostname="DESKTOP-AFGBJ45" name="sample.ChromeZoomInZoomOut" tests="1" failures="0" timestamp="24 Feb 2023 11:26:24 GMT" time="11.686" errors="0">
  <testcase name="googleSearchTest" time="11.686" classname="sample.ChromeZoomInZoomOut"/>
</testsuite> <!-- sample.ChromeZoomInZoomOut -->
