<?xml version="1.0" encoding="UTF-8"?>
<!-- Generated by org.testng.reporters.JUnitReportReporter -->
<testsuite skipped="0" hostname="DESKTOP-AFGBJ45" name="DriverDocuments.Medical" tests="9" failures="0" timestamp="28 Jun 2023 15:22:48 GMT" time="37.233" errors="0">
  <testcase name="SVPLogin" time="17.851" classname="DriverDocuments.Medical"/>
  <testcase name="Selecting_CarrierBeta" time="3.068" classname="DriverDocuments.Medical"/>
  <testcase name="Locate_DocumentsMenu" time="4.577" classname="DriverDocuments.Medical"/>
  <testcase name="Navigate_DriverDocumentsSection" time="4.451" classname="DriverDocuments.Medical"/>
  <testcase name="ClickOn_UploadDocument" time="0.487" classname="DriverDocuments.Medical"/>
  <testcase name="EnterDocInformation" time="1.080" classname="DriverDocuments.Medical"/>
  <testcase name="EnterIssueAndExpDate" time="1.029" classname="DriverDocuments.Medical"/>
  <testcase name="MCInfoAndDoc" time="1.398" classname="DriverDocuments.Medical"/>
  <testcase name="SelectDriver" time="3.292" classname="DriverDocuments.Medical"/>
</testsuite> <!-- DriverDocuments.Medical -->
