<?xml version="1.0" encoding="UTF-8"?>
<!-- Generated by org.testng.reporters.JUnitReportReporter -->
<testsuite skipped="0" hostname="DESKTOP-AFGBJ45" name="CoreTestcases.InviteNonCDLdriver$InviteCDLdriver" tests="2" failures="0" timestamp="20 Jun 2023 10:45:48 GMT" time="24.347" errors="0">
  <testcase name="SVPLogin" time="16.009" classname="CoreTestcases.InviteNonCDLdriver$InviteCDLdriver"/>
  <testcase name="InviteDriver" time="8.338" classname="CoreTestcases.InviteNonCDLdriver$InviteCDLdriver"/>
</testsuite> <!-- CoreTestcases.InviteNonCDLdriver$InviteCDLdriver -->
